INFO     27op26no3b.ms3 -- Attempting to parse 27op26no3b.mscx
INFO     27op26no3b.ms3 -- Done parsing 27op26no3b.mscx

ERROR    27op26no3b -- Could not expand labels due to errors:
Traceback (most recent call last):
  File "parallel_parse.py", line 79, in parse
    expanded = expand_labels(chord_list, column='label', regex=REGEX, chord_tones=True, groupby=None, logger_name=S.fname).df
  File "/home/hentsche/corpora/scripts/expand_labels.py", line 452, in __init__
    df = self.propagate_pedal(df, cols=cols)
  File "/home/hentsche/corpora/scripts/expand_labels.py", line 776, in propagate_pedal
    assert n_b == n_e, f"{n_b} organ points started, {n_e} ended! Beginnings:\n{beginnings}\nEndings:\n{endings}"
AssertionError: 11 organ points started, 8 ended! Beginnings:
ix
0      i
9      V
20     i
32     i
49     V
82     V
94     i
103    V
114    i
126    i
161    i
Name: pedal, dtype: object
Endings:
ix
3      ]
19     ]
23     ]
58     ]
97     ]
113    ]
117    ]
168    ]
Name: pedalend, dtype: object
